# JRE version: OpenJDK Runtime Environment (8.0_112-b06) (build 1.8.0_112-release-b06)
# Java VM: OpenJDK 64-Bit Server VM (25.112-b06 mixed mode windows-amd64 compressed oops)
Heap:
 PSYoungGen      total 244224K, used 41489K [0x00000000e0000000, 0x00000000f0980000, 0x0000000100000000)
  eden space 216576K, 6% used [0x00000000e0000000,0x00000000e0d89338,0x00000000ed380000)
  from space 27648K, 99% used [0x00000000ed380000,0x00000000eee7b330,0x00000000eee80000)
  to   space 27136K, 0% used [0x00000000eee80000,0x00000000eee80000,0x00000000f0900000)
 ParOldGen       total 230400K, used 64202K [0x00000000a0000000, 0x00000000ae100000, 0x00000000e0000000)
  object space 230400K, 27% used [0x00000000a0000000,0x00000000a3eb2908,0x00000000ae100000)
 Metaspace       used 73399K, capacity 76370K, committed 76632K, reserved 1116160K
  class space    used 9489K, capacity 10076K, committed 10112K, reserved 1048576K
GC Heap History (10 events):
Event: 304.026 GC heap before
{Heap before GC invocations=16 (full 3):
 PSYoungGen      total 209408K, used 209383K [0x00000000e0000000, 0x00000000ef300000, 0x0000000100000000)
  eden space 183296K, 100% used [0x00000000e0000000,0x00000000eb300000,0x00000000eb300000)
  from space 26112K, 99% used [0x00000000ed180000,0x00000000eeaf9e30,0x00000000eeb00000)
  to   space 31232K, 0% used [0x00000000eb300000,0x00000000eb300000,0x00000000ed180000)
 ParOldGen       total 230400K, used 48279K [0x00000000a0000000, 0x00000000ae100000, 0x00000000e0000000)
  object space 230400K, 20% used [0x00000000a0000000,0x00000000a2f25fe0,0x00000000ae100000)
 Metaspace       used 62376K, capacity 64958K, committed 65240K, reserved 1105920K
  class space    used 8304K, capacity 8842K, committed 8960K, reserved 1048576K
Event: 304.042 GC heap after
Heap after GC invocations=16 (full 3):
 PSYoungGen      total 214528K, used 11877K [0x00000000e0000000, 0x00000000ef980000, 0x0000000100000000)
  eden space 183296K, 0% used [0x00000000e0000000,0x00000000e0000000,0x00000000eb300000)
  from space 31232K, 38% used [0x00000000eb300000,0x00000000ebe99570,0x00000000ed180000)
  to   space 29696K, 0% used [0x00000000edc80000,0x00000000edc80000,0x00000000ef980000)
 ParOldGen       total 230400K, used 48279K [0x00000000a0000000, 0x00000000ae100000, 0x00000000e0000000)
  object space 230400K, 20% used [0x00000000a0000000,0x00000000a2f25fe0,0x00000000ae100000)
 Metaspace       used 62376K, capacity 64958K, committed 65240K, reserved 1105920K
  class space    used 8304K, capacity 8842K, committed 8960K, reserved 1048576K
}
Event: 317.309 GC heap before
{Heap before GC invocations=17 (full 3):
 PSYoungGen      total 214528K, used 195173K [0x00000000e0000000, 0x00000000ef980000, 0x0000000100000000)
  eden space 183296K, 100% used [0x00000000e0000000,0x00000000eb300000,0x00000000eb300000)
  from space 31232K, 38% used [0x00000000eb300000,0x00000000ebe99570,0x00000000ed180000)
  to   space 29696K, 0% used [0x00000000edc80000,0x00000000edc80000,0x00000000ef980000)
 ParOldGen       total 230400K, used 48279K [0x00000000a0000000, 0x00000000ae100000, 0x00000000e0000000)
  object space 230400K, 20% used [0x00000000a0000000,0x00000000a2f25fe0,0x00000000ae100000)
 Metaspace       used 68854K, capacity 71614K, committed 71896K, reserved 1112064K
  class space    used 9059K, capacity 9602K, committed 9728K, reserved 1048576K
Event: 317.326 GC heap after
Heap after GC invocations=17 (full 3):
 PSYoungGen      total 219648K, used 13664K [0x00000000e0000000, 0x00000000ef580000, 0x0000000100000000)
  eden space 194048K, 0% used [0x00000000e0000000,0x00000000e0000000,0x00000000ebd80000)
  from space 25600K, 53% used [0x00000000edc80000,0x00000000ee9d8318,0x00000000ef580000)
  to   space 28672K, 0% used [0x00000000ebd80000,0x00000000ebd80000,0x00000000ed980000)
 ParOldGen       total 230400K, used 48295K [0x00000000a0000000, 0x00000000ae100000, 0x00000000e0000000)
  object space 230400K, 20% used [0x00000000a0000000,0x00000000a2f29fe0,0x00000000ae100000)
 Metaspace       used 68854K, capacity 71614K, committed 71896K, reserved 1112064K
  class space    used 9059K, capacity 9602K, committed 9728K, reserved 1048576K
}
Event: 318.126 GC heap before
{Heap before GC invocations=18 (full 3):
 PSYoungGen      total 219648K, used 207068K [0x00000000e0000000, 0x00000000ef580000, 0x0000000100000000)
  eden space 194048K, 99% used [0x00000000e0000000,0x00000000ebcdeff0,0x00000000ebd80000)
  from space 25600K, 53% used [0x00000000edc80000,0x00000000ee9d8318,0x00000000ef580000)
  to   space 28672K, 0% used [0x00000000ebd80000,0x00000000ebd80000,0x00000000ed980000)
 ParOldGen       total 230400K, used 48295K [0x00000000a0000000, 0x00000000ae100000, 0x00000000e0000000)
  object space 230400K, 20% used [0x00000000a0000000,0x00000000a2f29fe0,0x00000000ae100000)
 Metaspace       used 69621K, capacity 72534K, committed 72664K, reserved 1112064K
  class space    used 9166K, capacity 9716K, committed 9728K, reserved 1048576K
Event: 318.151 GC heap after
Heap after GC invocations=18 (full 3):
 PSYoungGen      total 222720K, used 14008K [0x00000000e0000000, 0x00000000f0900000, 0x0000000100000000)
  eden space 194048K, 0% used [0x00000000e0000000,0x00000000e0000000,0x00000000ebd80000)
  from space 28672K, 48% used [0x00000000ebd80000,0x00000000ecb2e1b0,0x00000000ed980000)
  to   space 27136K, 0% used [0x00000000eee80000,0x00000000eee80000,0x00000000f0900000)
 ParOldGen       total 230400K, used 48303K [0x00000000a0000000, 0x00000000ae100000, 0x00000000e0000000)
  object space 230400K, 20% used [0x00000000a0000000,0x00000000a2f2bfe0,0x00000000ae100000)
 Metaspace       used 69621K, capacity 72534K, committed 72664K, reserved 1112064K
  class space    used 9166K, capacity 9716K, committed 9728K, reserved 1048576K
}
Event: 322.917 GC heap before
{Heap before GC invocations=19 (full 3):
 PSYoungGen      total 222720K, used 208056K [0x00000000e0000000, 0x00000000f0900000, 0x0000000100000000)
  eden space 194048K, 100% used [0x00000000e0000000,0x00000000ebd80000,0x00000000ebd80000)
  from space 28672K, 48% used [0x00000000ebd80000,0x00000000ecb2e1b0,0x00000000ed980000)
  to   space 27136K, 0% used [0x00000000eee80000,0x00000000eee80000,0x00000000f0900000)
 ParOldGen       total 230400K, used 48303K [0x00000000a0000000, 0x00000000ae100000, 0x00000000e0000000)
  object space 230400K, 20% used [0x00000000a0000000,0x00000000a2f2bfe0,0x00000000ae100000)
 Metaspace       used 72971K, capacity 75984K, committed 76120K, reserved 1116160K
  class space    used 9480K, capacity 10075K, committed 10112K, reserved 1048576K
Event: 322.959 GC heap after
Heap after GC invocations=19 (full 3):
 PSYoungGen      total 243712K, used 19043K [0x00000000e0000000, 0x00000000f0980000, 0x0000000100000000)
  eden space 216576K, 0% used [0x00000000e0000000,0x00000000e0000000,0x00000000ed380000)
  from space 27136K, 70% used [0x00000000eee80000,0x00000000f0118e50,0x00000000f0900000)
  to   space 27648K, 0% used [0x00000000ed380000,0x00000000ed380000,0x00000000eee80000)
 ParOldGen       total 230400K, used 48567K [0x00000000a0000000, 0x00000000ae100000, 0x00000000e0000000)
  object space 230400K, 21% used [0x00000000a0000000,0x00000000a2f6dff8,0x00000000ae100000)
 Metaspace       used 72971K, capacity 75984K, committed 76120K, reserved 1116160K
  class space    used 9480K, capacity 10075K, committed 10112K, reserved 1048576K
}
Event: 324.922 GC heap before
{Heap before GC invocations=20 (full 3):
 PSYoungGen      total 243712K, used 235619K [0x00000000e0000000, 0x00000000f0980000, 0x0000000100000000)
  eden space 216576K, 100% used [0x00000000e0000000,0x00000000ed380000,0x00000000ed380000)
  from space 27136K, 70% used [0x00000000eee80000,0x00000000f0118e50,0x00000000f0900000)
  to   space 27648K, 0% used [0x00000000ed380000,0x00000000ed380000,0x00000000eee80000)
 ParOldGen       total 230400K, used 48567K [0x00000000a0000000, 0x00000000ae100000, 0x00000000e0000000)
  object space 230400K, 21% used [0x00000000a0000000,0x00000000a2f6dff8,0x00000000ae100000)
 Metaspace       used 73331K, capacity 76304K, committed 76632K, reserved 1116160K
  class space    used 9487K, capacity 10075K, committed 10112K, reserved 1048576K
Event: 324.992 GC heap after
Heap after GC invocations=20 (full 3):
 PSYoungGen      total 244224K, used 27628K [0x00000000e0000000, 0x00000000f0980000, 0x0000000100000000)
  eden space 216576K, 0% used [0x00000000e0000000,0x00000000e0000000,0x00000000ed380000)
  from space 27648K, 99% used [0x00000000ed380000,0x00000000eee7b330,0x00000000eee80000)
  to   space 27136K, 0% used [0x00000000eee80000,0x00000000eee80000,0x00000000f0900000)
 ParOldGen       total 230400K, used 64202K [0x00000000a0000000, 0x00000000ae100000, 0x00000000e0000000)
  object space 230400K, 27% used [0x00000000a0000000,0x00000000a3eb2908,0x00000000ae100000)
 Metaspace       used 73331K, capacity 76304K, committed 76632K, reserved 1116160K
  class space    used 9487K, capacity 10075K, committed 10112K, reserved 1048576K
}

